0 info it worked if it ends with ok
1 verbose cli [ '/usr/local/bin/node', '/usr/local/bin/npm', 'start' ]
2 info using npm@3.10.9
3 info using node@v5.11.0
4 verbose run-script [ 'prestart', 'start', 'poststart' ]
5 info lifecycle todo-no-flux@1.0.0~prestart: todo-no-flux@1.0.0
6 silly lifecycle todo-no-flux@1.0.0~prestart: no script for prestart, continuing
7 info lifecycle todo-no-flux@1.0.0~start: todo-no-flux@1.0.0
8 verbose lifecycle todo-no-flux@1.0.0~start: unsafe-perm in lifecycle true
9 verbose lifecycle todo-no-flux@1.0.0~start: PATH: /usr/local/lib/node_modules/npm/bin/node-gyp-bin:/Users/malamin/Desktop/frontend_masters/todo-no-flux/node_modules/.bin:/Users/malamin/Qt5.5.1/5.5/clang_64/bin:/Users/malamin/.rvm/gems/ruby-2.3.0/bin:/Users/malamin/.rvm/gems/ruby-2.3.0@global/bin:/Users/malamin/.rvm/rubies/ruby-2.3.0/bin:/Library/Frameworks/Python.framework/Versions/3.5/bin:/Users/malamin/.rbenv/shims:/usr/local/bin:/usr/local/bin:/usr/bin:/bin:/usr/sbin:/sbin:/Users/malamin/.rvm/bin
10 verbose lifecycle todo-no-flux@1.0.0~start: CWD: /Users/malamin/Desktop/frontend_masters/todo-no-flux
11 silly lifecycle todo-no-flux@1.0.0~start: Args: [ '-c', 'webpack-dev-server --debug' ]
12 silly lifecycle todo-no-flux@1.0.0~start: Returned: code: 1  signal: null
13 info lifecycle todo-no-flux@1.0.0~start: Failed to exec start script
14 verbose stack Error: todo-no-flux@1.0.0 start: `webpack-dev-server --debug`
14 verbose stack Exit status 1
14 verbose stack     at EventEmitter.<anonymous> (/usr/local/lib/node_modules/npm/lib/utils/lifecycle.js:255:16)
14 verbose stack     at emitTwo (events.js:100:13)
14 verbose stack     at EventEmitter.emit (events.js:185:7)
14 verbose stack     at ChildProcess.<anonymous> (/usr/local/lib/node_modules/npm/lib/utils/spawn.js:40:14)
14 verbose stack     at emitTwo (events.js:100:13)
14 verbose stack     at ChildProcess.emit (events.js:185:7)
14 verbose stack     at maybeClose (internal/child_process.js:850:16)
14 verbose stack     at Process.ChildProcess._handle.onexit (internal/child_process.js:215:5)
15 verbose pkgid todo-no-flux@1.0.0
16 verbose cwd /Users/malamin/Desktop/frontend_masters/todo-no-flux
17 error Darwin 16.3.0
18 error argv "/usr/local/bin/node" "/usr/local/bin/npm" "start"
19 error node v5.11.0
20 error npm  v3.10.9
21 error code ELIFECYCLE
22 error todo-no-flux@1.0.0 start: `webpack-dev-server --debug`
22 error Exit status 1
23 error Failed at the todo-no-flux@1.0.0 start script 'webpack-dev-server --debug'.
23 error Make sure you have the latest version of node.js and npm installed.
23 error If you do, this is most likely a problem with the todo-no-flux package,
23 error not with npm itself.
23 error Tell the author that this fails on your system:
23 error     webpack-dev-server --debug
23 error You can get information on how to open an issue for this project with:
23 error     npm bugs todo-no-flux
23 error Or if that isn't available, you can get their info via:
23 error     npm owner ls todo-no-flux
23 error There is likely additional logging output above.
24 verbose exit [ 1, true ]
